{"@timestamp":"2024-08-28T04:43:43.118+09:00","@version":"1","message":"HV000001: Hibernate Validator 8.0.0.Final","logger_name":"org.hibernate.validator.internal.util.Version","thread_name":"background-preinit","level":"INFO","level_value":20000}
{"@timestamp":"2024-08-28T04:43:43.138+09:00","@version":"1","message":"Starting TravelApiGatewayApplication using Java 17.0.7 with PID 34615 (/Users/jangjaehyeog/Desktop/travel_project/travel_api_gateway/build/classes/java/main started by jangjaehyeog in /Users/jangjaehyeog/Desktop/travel_project/travel_api_gateway)","logger_name":"com.example.travel_api_gateway.TravelApiGatewayApplication","thread_name":"main","level":"INFO","level_value":20000}
{"@timestamp":"2024-08-28T04:43:43.139+09:00","@version":"1","message":"The following 1 profile is active: \"dev\"","logger_name":"com.example.travel_api_gateway.TravelApiGatewayApplication","thread_name":"main","level":"INFO","level_value":20000}
{"@timestamp":"2024-08-28T04:43:43.48+09:00","@version":"1","message":"BeanFactory id=f385d9e5-9cde-3ad4-9c55-0436441600f9","logger_name":"org.springframework.cloud.context.scope.GenericScope","thread_name":"main","level":"INFO","level_value":20000}
{"@timestamp":"2024-08-28T04:43:43.841+09:00","@version":"1","message":"Loaded RoutePredicateFactory [After]","logger_name":"org.springframework.cloud.gateway.route.RouteDefinitionRouteLocator","thread_name":"main","level":"INFO","level_value":20000}
{"@timestamp":"2024-08-28T04:43:43.841+09:00","@version":"1","message":"Loaded RoutePredicateFactory [Before]","logger_name":"org.springframework.cloud.gateway.route.RouteDefinitionRouteLocator","thread_name":"main","level":"INFO","level_value":20000}
{"@timestamp":"2024-08-28T04:43:43.842+09:00","@version":"1","message":"Loaded RoutePredicateFactory [Between]","logger_name":"org.springframework.cloud.gateway.route.RouteDefinitionRouteLocator","thread_name":"main","level":"INFO","level_value":20000}
{"@timestamp":"2024-08-28T04:43:43.842+09:00","@version":"1","message":"Loaded RoutePredicateFactory [Cookie]","logger_name":"org.springframework.cloud.gateway.route.RouteDefinitionRouteLocator","thread_name":"main","level":"INFO","level_value":20000}
{"@timestamp":"2024-08-28T04:43:43.842+09:00","@version":"1","message":"Loaded RoutePredicateFactory [Header]","logger_name":"org.springframework.cloud.gateway.route.RouteDefinitionRouteLocator","thread_name":"main","level":"INFO","level_value":20000}
{"@timestamp":"2024-08-28T04:43:43.842+09:00","@version":"1","message":"Loaded RoutePredicateFactory [Host]","logger_name":"org.springframework.cloud.gateway.route.RouteDefinitionRouteLocator","thread_name":"main","level":"INFO","level_value":20000}
{"@timestamp":"2024-08-28T04:43:43.842+09:00","@version":"1","message":"Loaded RoutePredicateFactory [Method]","logger_name":"org.springframework.cloud.gateway.route.RouteDefinitionRouteLocator","thread_name":"main","level":"INFO","level_value":20000}
{"@timestamp":"2024-08-28T04:43:43.842+09:00","@version":"1","message":"Loaded RoutePredicateFactory [Path]","logger_name":"org.springframework.cloud.gateway.route.RouteDefinitionRouteLocator","thread_name":"main","level":"INFO","level_value":20000}
{"@timestamp":"2024-08-28T04:43:43.842+09:00","@version":"1","message":"Loaded RoutePredicateFactory [Query]","logger_name":"org.springframework.cloud.gateway.route.RouteDefinitionRouteLocator","thread_name":"main","level":"INFO","level_value":20000}
{"@timestamp":"2024-08-28T04:43:43.842+09:00","@version":"1","message":"Loaded RoutePredicateFactory [ReadBody]","logger_name":"org.springframework.cloud.gateway.route.RouteDefinitionRouteLocator","thread_name":"main","level":"INFO","level_value":20000}
{"@timestamp":"2024-08-28T04:43:43.842+09:00","@version":"1","message":"Loaded RoutePredicateFactory [RemoteAddr]","logger_name":"org.springframework.cloud.gateway.route.RouteDefinitionRouteLocator","thread_name":"main","level":"INFO","level_value":20000}
{"@timestamp":"2024-08-28T04:43:43.842+09:00","@version":"1","message":"Loaded RoutePredicateFactory [XForwardedRemoteAddr]","logger_name":"org.springframework.cloud.gateway.route.RouteDefinitionRouteLocator","thread_name":"main","level":"INFO","level_value":20000}
{"@timestamp":"2024-08-28T04:43:43.842+09:00","@version":"1","message":"Loaded RoutePredicateFactory [Weight]","logger_name":"org.springframework.cloud.gateway.route.RouteDefinitionRouteLocator","thread_name":"main","level":"INFO","level_value":20000}
{"@timestamp":"2024-08-28T04:43:43.842+09:00","@version":"1","message":"Loaded RoutePredicateFactory [CloudFoundryRouteService]","logger_name":"org.springframework.cloud.gateway.route.RouteDefinitionRouteLocator","thread_name":"main","level":"INFO","level_value":20000}
{"@timestamp":"2024-08-28T04:43:44.166+09:00","@version":"1","message":"Netty started on port 8000","logger_name":"org.springframework.boot.web.embedded.netty.NettyWebServer","thread_name":"main","level":"INFO","level_value":20000}
{"@timestamp":"2024-08-28T04:43:44.195+09:00","@version":"1","message":"Started TravelApiGatewayApplication in 1.372 seconds (process running for 1.651)","logger_name":"com.example.travel_api_gateway.TravelApiGatewayApplication","thread_name":"main","level":"INFO","level_value":20000}
